2013/07/26 08:00:29 [error] [exception.CHttpException.404] exception 'CHttpException' with message 'Unable to resolve the request "gii".' in C:\xampp\htdocs\yii-1.1.13\framework\web\CWebApplication.php:286
Stack trace:
#0 C:\xampp\htdocs\yii-1.1.13\framework\web\CWebApplication.php(141): CWebApplication->runController('gii')
#1 C:\xampp\htdocs\yii-1.1.13\framework\base\CApplication.php(169): CWebApplication->processRequest()
#2 C:\xampp\htdocs\TestYii\index.php(13): CApplication->run()
#3 {main}
REQUEST_URI=/TestYii/index.php?r=gii
---
2013/07/26 08:00:37 [error] [exception.CHttpException.404] exception 'CHttpException' with message 'Unable to resolve the request "gii".' in C:\xampp\htdocs\yii-1.1.13\framework\web\CWebApplication.php:286
Stack trace:
#0 C:\xampp\htdocs\yii-1.1.13\framework\web\CWebApplication.php(141): CWebApplication->runController('gii')
#1 C:\xampp\htdocs\yii-1.1.13\framework\base\CApplication.php(169): CWebApplication->processRequest()
#2 C:\xampp\htdocs\TestYii\index.php(13): CApplication->run()
#3 {main}
REQUEST_URI=/TestYii/index.php?r=gii
---
2013/07/26 08:02:38 [error] [exception.CDbException] exception 'CDbException' with message 'CDbConnection failed to open the DB connection: SQLSTATE[HY000] [1049] Unknown database 'pm'' in C:\xampp\htdocs\yii-1.1.13\framework\db\CDbConnection.php:381
Stack trace:
#0 C:\xampp\htdocs\yii-1.1.13\framework\db\CDbConnection.php(330): CDbConnection->open()
#1 C:\xampp\htdocs\yii-1.1.13\framework\db\CDbConnection.php(308): CDbConnection->setActive(true)
#2 C:\xampp\htdocs\yii-1.1.13\framework\base\CModule.php(387): CDbConnection->init()
#3 C:\xampp\htdocs\yii-1.1.13\framework\base\CModule.php(103): CModule->getComponent('db')
#4 C:\xampp\htdocs\yii-1.1.13\framework\gii\generators\crud\CrudCode.php(44): CModule->__get('db')
#5 C:\xampp\htdocs\yii-1.1.13\framework\web\CFormModel.php(39): CrudCode->init()
#6 C:\xampp\htdocs\yii-1.1.13\framework\gii\CCodeGenerator.php(153): CFormModel->__construct()
#7 C:\xampp\htdocs\yii-1.1.13\framework\gii\CCodeGenerator.php(63): CCodeGenerator->prepare()
#8 C:\xampp\htdocs\yii-1.1.13\framework\web\actions\CInlineAction.php(49): CCodeGenerator->actionIndex()
#9 C:\xampp\htdocs\yii-1.1.13\framework\web\CController.php(308): CInlineAction->runWithParams(Array)
#10 C:\xampp\htdocs\yii-1.1.13\framework\web\CController.php(286): CController->runAction(Object(CInlineAction))
#11 C:\xampp\htdocs\yii-1.1.13\framework\web\CController.php(265): CController->runActionWithFilters(Object(CInlineAction), Array)
#12 C:\xampp\htdocs\yii-1.1.13\framework\web\CWebApplication.php(282): CController->run('')
#13 C:\xampp\htdocs\yii-1.1.13\framework\web\CWebApplication.php(141): CWebApplication->runController('gii/bootstrap')
#14 C:\xampp\htdocs\yii-1.1.13\framework\base\CApplication.php(169): CWebApplication->processRequest()
#15 C:\xampp\htdocs\TestYii\index.php(13): CApplication->run()
#16 {main}
REQUEST_URI=/TestYii/index.php?r=gii/bootstrap
HTTP_REFERER=http://localhost/TestYii/index.php?r=gii/default/index
---
2013/07/26 10:27:06 [error] [exception.CHttpException.404] exception 'CHttpException' with message 'The system is unable to find the requested action "gii".' in C:\xampp\htdocs\TestYii\protected\framework\web\CController.php:483
Stack trace:
#0 C:\xampp\htdocs\TestYii\protected\framework\web\CController.php(270): CController->missingAction('gii')
#1 C:\xampp\htdocs\TestYii\protected\framework\web\CWebApplication.php(282): CController->run('gii')
#2 C:\xampp\htdocs\TestYii\protected\framework\web\CWebApplication.php(141): CWebApplication->runController('site/gii')
#3 C:\xampp\htdocs\TestYii\protected\framework\base\CApplication.php(169): CWebApplication->processRequest()
#4 C:\xampp\htdocs\TestYii\index.php(13): CApplication->run()
#5 {main}
REQUEST_URI=/TestYii/index.php?r=site/gii
HTTP_REFERER=http://localhost/TestYii/index.php?r=site/contact
---
2013/07/26 10:27:30 [error] [exception.CHttpException.404] exception 'CHttpException' with message 'The system is unable to find the requested action "gii".' in C:\xampp\htdocs\TestYii\protected\framework\web\CController.php:483
Stack trace:
#0 C:\xampp\htdocs\TestYii\protected\framework\web\CController.php(270): CController->missingAction('gii')
#1 C:\xampp\htdocs\TestYii\protected\framework\web\CWebApplication.php(282): CController->run('gii')
#2 C:\xampp\htdocs\TestYii\protected\framework\web\CWebApplication.php(141): CWebApplication->runController('site/gii')
#3 C:\xampp\htdocs\TestYii\protected\framework\base\CApplication.php(169): CWebApplication->processRequest()
#4 C:\xampp\htdocs\TestYii\index.php(13): CApplication->run()
#5 {main}
REQUEST_URI=/TestYii/index.php?r=site/gii
HTTP_REFERER=http://localhost/TestYii/index.php?r=site/contact
---
2013/07/26 10:27:50 [error] [exception.CHttpException.404] exception 'CHttpException' with message 'The system is unable to find the requested action "gii".' in C:\xampp\htdocs\TestYii\protected\framework\web\CController.php:483
Stack trace:
#0 C:\xampp\htdocs\TestYii\protected\framework\web\CController.php(270): CController->missingAction('gii')
#1 C:\xampp\htdocs\TestYii\protected\framework\web\CWebApplication.php(282): CController->run('gii')
#2 C:\xampp\htdocs\TestYii\protected\framework\web\CWebApplication.php(141): CWebApplication->runController('site/gii')
#3 C:\xampp\htdocs\TestYii\protected\framework\base\CApplication.php(169): CWebApplication->processRequest()
#4 C:\xampp\htdocs\TestYii\index.php(13): CApplication->run()
#5 {main}
REQUEST_URI=/TestYii/index.php?r=site/gii
HTTP_REFERER=http://localhost/TestYii/index.php?r=site/contact
---
2013/07/26 10:27:52 [error] [exception.CHttpException.404] exception 'CHttpException' with message 'The system is unable to find the requested action "gii".' in C:\xampp\htdocs\TestYii\protected\framework\web\CController.php:483
Stack trace:
#0 C:\xampp\htdocs\TestYii\protected\framework\web\CController.php(270): CController->missingAction('gii')
#1 C:\xampp\htdocs\TestYii\protected\framework\web\CWebApplication.php(282): CController->run('gii')
#2 C:\xampp\htdocs\TestYii\protected\framework\web\CWebApplication.php(141): CWebApplication->runController('site/gii')
#3 C:\xampp\htdocs\TestYii\protected\framework\base\CApplication.php(169): CWebApplication->processRequest()
#4 C:\xampp\htdocs\TestYii\index.php(13): CApplication->run()
#5 {main}
REQUEST_URI=/TestYii/index.php?r=site/gii
HTTP_REFERER=http://localhost/TestYii/index.php?r=site/gii
---
2013/07/26 10:29:59 [error] [exception.CHttpException.404] exception 'CHttpException' with message 'The system is unable to find the requested action "gii".' in C:\xampp\htdocs\TestYii\protected\framework\web\CController.php:483
Stack trace:
#0 C:\xampp\htdocs\TestYii\protected\framework\web\CController.php(270): CController->missingAction('gii')
#1 C:\xampp\htdocs\TestYii\protected\framework\web\CWebApplication.php(282): CController->run('gii')
#2 C:\xampp\htdocs\TestYii\protected\framework\web\CWebApplication.php(141): CWebApplication->runController('site/gii')
#3 C:\xampp\htdocs\TestYii\protected\framework\base\CApplication.php(169): CWebApplication->processRequest()
#4 C:\xampp\htdocs\TestYii\index.php(13): CApplication->run()
#5 {main}
REQUEST_URI=/TestYii/index.php?r=site/gii
HTTP_REFERER=http://localhost/TestYii/index.php?r=site/contact
---
2013/07/26 10:30:20 [error] [exception.CHttpException.404] exception 'CHttpException' with message 'The system is unable to find the requested action "gii".' in C:\xampp\htdocs\TestYii\protected\framework\web\CController.php:483
Stack trace:
#0 C:\xampp\htdocs\TestYii\protected\framework\web\CController.php(270): CController->missingAction('gii')
#1 C:\xampp\htdocs\TestYii\protected\framework\web\CWebApplication.php(282): CController->run('gii')
#2 C:\xampp\htdocs\TestYii\protected\framework\web\CWebApplication.php(141): CWebApplication->runController('site/gii')
#3 C:\xampp\htdocs\TestYii\protected\framework\base\CApplication.php(169): CWebApplication->processRequest()
#4 C:\xampp\htdocs\TestYii\index.php(13): CApplication->run()
#5 {main}
REQUEST_URI=/TestYii/index.php?r=site/gii
HTTP_REFERER=http://localhost/TestYii/index.php?r=site/gii
---
2013/07/26 10:30:22 [error] [exception.CHttpException.404] exception 'CHttpException' with message 'The system is unable to find the requested action "gii".' in C:\xampp\htdocs\TestYii\protected\framework\web\CController.php:483
Stack trace:
#0 C:\xampp\htdocs\TestYii\protected\framework\web\CController.php(270): CController->missingAction('gii')
#1 C:\xampp\htdocs\TestYii\protected\framework\web\CWebApplication.php(282): CController->run('gii')
#2 C:\xampp\htdocs\TestYii\protected\framework\web\CWebApplication.php(141): CWebApplication->runController('site/gii')
#3 C:\xampp\htdocs\TestYii\protected\framework\base\CApplication.php(169): CWebApplication->processRequest()
#4 C:\xampp\htdocs\TestYii\index.php(13): CApplication->run()
#5 {main}
REQUEST_URI=/TestYii/index.php?r=site/gii
HTTP_REFERER=http://localhost/TestYii/index.php?r=site/login
---
2013/07/26 10:30:49 [error] [exception.CHttpException.404] exception 'CHttpException' with message 'The system is unable to find the requested action "gii".' in C:\xampp\htdocs\TestYii\protected\framework\web\CController.php:483
Stack trace:
#0 C:\xampp\htdocs\TestYii\protected\framework\web\CController.php(270): CController->missingAction('gii')
#1 C:\xampp\htdocs\TestYii\protected\framework\web\CWebApplication.php(282): CController->run('gii')
#2 C:\xampp\htdocs\TestYii\protected\framework\web\CWebApplication.php(141): CWebApplication->runController('site/gii')
#3 C:\xampp\htdocs\TestYii\protected\framework\base\CApplication.php(169): CWebApplication->processRequest()
#4 C:\xampp\htdocs\TestYii\index.php(13): CApplication->run()
#5 {main}
REQUEST_URI=/TestYii/index.php?r=site/gii
HTTP_REFERER=http://localhost/TestYii/index.php?r=site/login
---
